
Array
(
    [emailSent1] => 
    [emailSent2] => 
)

Array
(
    [emailSent1] => 
    [emailSent2] => 
)

Array
(
    [emailSent1] => 
    [emailSent2] => 
)

Array
(
    [emailSent1] => 1
    [emailSent2] => 
)

Array
(
    [emailSent1] => 1
    [emailSent2] => 1
)

Array
(
    [emailSent1] => 1
    [emailSent2] => 1
)

Array
(
    [emailSent1] => 1
    [emailSent2] => 1
)

Array
(
    [emailSent1] => 1
    [emailSent2] => 1
)

Array
(
    [emailSent1] => 1
    [emailSent2] => 1
)

Array
(
    [emailSent1] => 1
    [emailSent2] => 1
)

Array
(
    [emailSent1] => 1
    [emailSent2] => 1
)

Array
(
    [emailSent1] => 1
    [emailSent2] => 1
)

Array
(
    [emailSent1] => 1
    [emailSent2] => 1
)

Array
(
    [emailSent1] => 1
    [emailSent2] => 1
)

